<?xml version="1.0" encoding="UTF-8"?>
<coverage generated="1627178994660" clover="3.2.0">
  <project timestamp="1627178994660" name="All files">
    <metrics statements="14" coveredstatements="14" conditionals="6" coveredconditionals="5" methods="7" coveredmethods="7" elements="27" coveredelements="26" complexity="0" loc="14" ncloc="14" packages="1" files="2" classes="2"/>
    <file name="filterByTerm.js" path="/mnt/c/Users/Danny/Desktop/projects/getting-started-with-jest/src/filterByTerm.js">
      <metrics statements="6" coveredstatements="6" conditionals="4" coveredconditionals="3" methods="2" coveredmethods="2"/>
      <line num="6" count="4" type="cond" truecount="2" falsecount="0"/>
      <line num="7" count="3" type="cond" truecount="1" falsecount="1"/>
      <line num="8" count="3" type="stmt"/>
      <line num="9" count="3" type="stmt"/>
      <line num="10" count="9" type="stmt"/>
      <line num="14" count="1" type="stmt"/>
    </file>
    <file name="math.js" path="/mnt/c/Users/Danny/Desktop/projects/getting-started-with-jest/src/math.js">
      <metrics statements="8" coveredstatements="8" conditionals="2" coveredconditionals="2" methods="5" coveredmethods="5"/>
      <line num="1" count="1" type="stmt"/>
      <line num="2" count="1" type="stmt"/>
      <line num="5" count="1" type="stmt"/>
      <line num="6" count="2" type="cond" truecount="2" falsecount="0"/>
      <line num="9" count="1" type="stmt"/>
      <line num="10" count="3" type="stmt"/>
      <line num="11" count="3" type="stmt"/>
      <line num="12" count="3" type="stmt"/>
    </file>
  </project>
</coverage>
