{"/mnt/c/Users/Danny/Desktop/projects/getting-started-with-jest/src/filterByTerm.js": {"path":"/mnt/c/Users/Danny/Desktop/projects/getting-started-with-jest/src/filterByTerm.js","statementMap":{"0":{"start":{"line":6,"column":2},"end":{"line":6,"column":61}},"1":{"start":{"line":6,"column":19},"end":{"line":6,"column":61}},"2":{"start":{"line":7,"column":3},"end":{"line":7,"column":65}},"3":{"start":{"line":7,"column":25},"end":{"line":7,"column":65}},"4":{"start":{"line":8,"column":16},"end":{"line":8,"column":43}},"5":{"start":{"line":9,"column":2},"end":{"line":11,"column":5}},"6":{"start":{"line":10,"column":4},"end":{"line":10,"column":41}},"7":{"start":{"line":14,"column":0},"end":{"line":14,"column":30}}},"fnMap":{"0":{"name":"filterByTerm","decl":{"start":{"line":5,"column":9},"end":{"line":5,"column":21}},"loc":{"start":{"line":5,"column":44},"end":{"line":12,"column":1}},"line":5},"1":{"name":"(anonymous_1)","decl":{"start":{"line":9,"column":25},"end":{"line":9,"column":26}},"loc":{"start":{"line":9,"column":48},"end":{"line":11,"column":3}},"line":9}},"branchMap":{"0":{"loc":{"start":{"line":6,"column":2},"end":{"line":6,"column":61}},"type":"if","locations":[{"start":{"line":6,"column":2},"end":{"line":6,"column":61}},{"start":{"line":6,"column":2},"end":{"line":6,"column":61}}],"line":6},"1":{"loc":{"start":{"line":7,"column":3},"end":{"line":7,"column":65}},"type":"if","locations":[{"start":{"line":7,"column":3},"end":{"line":7,"column":65}},{"start":{"line":7,"column":3},"end":{"line":7,"column":65}}],"line":7}},"s":{"0":4,"1":1,"2":3,"3":0,"4":3,"5":3,"6":9,"7":1},"f":{"0":4,"1":9},"b":{"0":[1,3],"1":[0,3]},"_coverageSchema":"1a1c01bbd47fc00a2c39e90264f33305004495a9","hash":"12cddf74872df4e5564e4fb1c1e1119efdabf71c"}
,"/mnt/c/Users/Danny/Desktop/projects/getting-started-with-jest/src/math.js": {"path":"/mnt/c/Users/Danny/Desktop/projects/getting-started-with-jest/src/math.js","statementMap":{"0":{"start":{"line":1,"column":0},"end":{"line":3,"column":1}},"1":{"start":{"line":2,"column":4},"end":{"line":2,"column":17}},"2":{"start":{"line":5,"column":0},"end":{"line":7,"column":1}},"3":{"start":{"line":6,"column":4},"end":{"line":6,"column":32}},"4":{"start":{"line":9,"column":0},"end":{"line":15,"column":2}},"5":{"start":{"line":10,"column":4},"end":{"line":14,"column":7}},"6":{"start":{"line":11,"column":8},"end":{"line":13,"column":16}},"7":{"start":{"line":12,"column":12},"end":{"line":12,"column":29}}},"fnMap":{"0":{"name":"(anonymous_0)","decl":{"start":{"line":1,"column":14},"end":{"line":1,"column":15}},"loc":{"start":{"line":1,"column":28},"end":{"line":3,"column":1}},"line":1},"1":{"name":"(anonymous_1)","decl":{"start":{"line":5,"column":17},"end":{"line":5,"column":18}},"loc":{"start":{"line":5,"column":31},"end":{"line":7,"column":1}},"line":5},"2":{"name":"(anonymous_2)","decl":{"start":{"line":9,"column":19},"end":{"line":9,"column":20}},"loc":{"start":{"line":9,"column":33},"end":{"line":15,"column":1}},"line":9},"3":{"name":"(anonymous_3)","decl":{"start":{"line":10,"column":24},"end":{"line":10,"column":25}},"loc":{"start":{"line":10,"column":35},"end":{"line":14,"column":5}},"line":10},"4":{"name":"(anonymous_4)","decl":{"start":{"line":11,"column":20},"end":{"line":11,"column":21}},"loc":{"start":{"line":11,"column":26},"end":{"line":13,"column":9}},"line":11}},"branchMap":{"0":{"loc":{"start":{"line":6,"column":11},"end":{"line":6,"column":31}},"type":"cond-expr","locations":[{"start":{"line":6,"column":21},"end":{"line":6,"column":25}},{"start":{"line":6,"column":28},"end":{"line":6,"column":31}}],"line":6}},"s":{"0":1,"1":1,"2":1,"3":2,"4":1,"5":3,"6":3,"7":3},"f":{"0":1,"1":2,"2":3,"3":3,"4":3},"b":{"0":[1,1]},"_coverageSchema":"1a1c01bbd47fc00a2c39e90264f33305004495a9","hash":"5c84c0fcdfa8450991e906976e6d8fb04dd22197"}
}
