TN:
SF:src/filterByTerm.js
FN:5,filterByTerm
FN:9,(anonymous_1)
FNF:2
FNH:2
FNDA:4,filterByTerm
FNDA:9,(anonymous_1)
DA:6,4
DA:7,3
DA:8,3
DA:9,3
DA:10,9
DA:14,1
LF:6
LH:6
BRDA:6,0,0,1
BRDA:6,0,1,3
BRDA:7,1,0,0
BRDA:7,1,1,3
BRF:4
BRH:3
end_of_record
TN:
SF:src/math.js
FN:1,(anonymous_0)
FN:5,(anonymous_1)
FN:9,(anonymous_2)
FN:10,(anonymous_3)
FN:11,(anonymous_4)
FNF:5
FNH:5
FNDA:1,(anonymous_0)
FNDA:2,(anonymous_1)
FNDA:3,(anonymous_2)
FNDA:3,(anonymous_3)
FNDA:3,(anonymous_4)
DA:1,1
DA:2,1
DA:5,1
DA:6,2
DA:9,1
DA:10,3
DA:11,3
DA:12,3
LF:8
LH:8
BRDA:6,0,0,1
BRDA:6,0,1,1
BRF:2
BRH:2
end_of_record
